{"/Users/sulaimansanusi/andela/cosmos-ah-frontend/src/lib/article.js": {"path":"/Users/sulaimansanusi/andela/cosmos-ah-frontend/src/lib/article.js","statementMap":{"0":{"start":{"line":3,"column":30},"end":{"line":10,"column":1}},"1":{"start":{"line":4,"column":2},"end":{"line":9,"column":3}},"2":{"start":{"line":5,"column":21},"end":{"line":5,"column":49}},"3":{"start":{"line":6,"column":4},"end":{"line":6,"column":20}}},"fnMap":{"0":{"name":"(anonymous_0)","decl":{"start":{"line":3,"column":30},"end":{"line":3,"column":31}},"loc":{"start":{"line":3,"column":42},"end":{"line":10,"column":1}},"line":3}},"branchMap":{},"s":{"0":1,"1":0,"2":0,"3":0},"f":{"0":0},"b":{},"_coverageSchema":"43e27e138ebf9cfc5966b082cf9a028302ed4184","hash":"8f6aaa60e30bb88f9041d3fdefced502da1ca68a"}
,"/Users/sulaimansanusi/andela/cosmos-ah-frontend/src/lib/axios.js": {"path":"/Users/sulaimansanusi/andela/cosmos-ah-frontend/src/lib/axios.js","statementMap":{},"fnMap":{},"branchMap":{},"s":{},"f":{},"b":{},"_coverageSchema":"43e27e138ebf9cfc5966b082cf9a028302ed4184","hash":"3bd5598d3d449062e3cc2e29d0e7f187416e7fc8"}
,"/Users/sulaimansanusi/andela/cosmos-ah-frontend/src/pages/App.js": {"path":"/Users/sulaimansanusi/andela/cosmos-ah-frontend/src/pages/App.js","statementMap":{"0":{"start":{"line":9,"column":12},"end":{"line":28,"column":1}},"1":{"start":{"line":10,"column":2},"end":{"line":27,"column":11}}},"fnMap":{"0":{"name":"(anonymous_0)","decl":{"start":{"line":9,"column":12},"end":{"line":9,"column":13}},"loc":{"start":{"line":10,"column":2},"end":{"line":27,"column":11}},"line":10}},"branchMap":{},"s":{"0":1,"1":1},"f":{"0":1},"b":{},"_coverageSchema":"43e27e138ebf9cfc5966b082cf9a028302ed4184","hash":"909b4d6463da35a2077ddaa069c4c086986aef1c"}
,"/Users/sulaimansanusi/andela/cosmos-ah-frontend/src/pages/Article.js": {"path":"/Users/sulaimansanusi/andela/cosmos-ah-frontend/src/pages/Article.js","statementMap":{"0":{"start":{"line":8,"column":6},"end":{"line":8,"column":36}},"1":{"start":{"line":12,"column":6},"end":{"line":24,"column":8}},"2":{"start":{"line":17,"column":24},"end":{"line":20,"column":30}},"3":{"start":{"line":28,"column":24},"end":{"line":30,"column":2}},"4":{"start":{"line":28,"column":34},"end":{"line":30,"column":1}},"5":{"start":{"line":32,"column":27},"end":{"line":34,"column":1}}},"fnMap":{"0":{"name":"(anonymous_0)","decl":{"start":{"line":7,"column":24},"end":{"line":7,"column":25}},"loc":{"start":{"line":7,"column":30},"end":{"line":9,"column":5}},"line":7},"1":{"name":"(anonymous_1)","decl":{"start":{"line":11,"column":4},"end":{"line":11,"column":5}},"loc":{"start":{"line":11,"column":13},"end":{"line":25,"column":5}},"line":11},"2":{"name":"(anonymous_2)","decl":{"start":{"line":16,"column":45},"end":{"line":16,"column":46}},"loc":{"start":{"line":17,"column":24},"end":{"line":20,"column":30}},"line":17},"3":{"name":"(anonymous_3)","decl":{"start":{"line":28,"column":24},"end":{"line":28,"column":25}},"loc":{"start":{"line":28,"column":34},"end":{"line":30,"column":1}},"line":28}},"branchMap":{},"s":{"0":0,"1":0,"2":0,"3":1,"4":0,"5":1},"f":{"0":0,"1":0,"2":0,"3":0},"b":{},"_coverageSchema":"43e27e138ebf9cfc5966b082cf9a028302ed4184","hash":"5f2e2f7af28fe934bc2c6803ea9e826cc793f296"}
,"/Users/sulaimansanusi/andela/cosmos-ah-frontend/src/pages/Home.js": {"path":"/Users/sulaimansanusi/andela/cosmos-ah-frontend/src/pages/Home.js","statementMap":{"0":{"start":{"line":3,"column":13},"end":{"line":8,"column":1}},"1":{"start":{"line":4,"column":2},"end":{"line":7,"column":8}}},"fnMap":{"0":{"name":"(anonymous_0)","decl":{"start":{"line":3,"column":13},"end":{"line":3,"column":14}},"loc":{"start":{"line":4,"column":2},"end":{"line":7,"column":8}},"line":4}},"branchMap":{},"s":{"0":2,"1":2},"f":{"0":2},"b":{},"_coverageSchema":"43e27e138ebf9cfc5966b082cf9a028302ed4184","hash":"235c742605b31da2da701c4c0df012c3de228aa9"}
,"/Users/sulaimansanusi/andela/cosmos-ah-frontend/src/pages/Signin.js": {"path":"/Users/sulaimansanusi/andela/cosmos-ah-frontend/src/pages/Signin.js","statementMap":{"0":{"start":{"line":5,"column":4},"end":{"line":18,"column":6}}},"fnMap":{"0":{"name":"(anonymous_0)","decl":{"start":{"line":4,"column":2},"end":{"line":4,"column":3}},"loc":{"start":{"line":4,"column":11},"end":{"line":19,"column":3}},"line":4}},"branchMap":{},"s":{"0":0},"f":{"0":0},"b":{},"_coverageSchema":"43e27e138ebf9cfc5966b082cf9a028302ed4184","hash":"b5c2aaf6e17578b46f09463aac9f3e377f439857"}
,"/Users/sulaimansanusi/andela/cosmos-ah-frontend/src/state/article/actionTypes.js": {"path":"/Users/sulaimansanusi/andela/cosmos-ah-frontend/src/state/article/actionTypes.js","statementMap":{"0":{"start":{"line":1,"column":38},"end":{"line":1,"column":62}},"1":{"start":{"line":2,"column":38},"end":{"line":2,"column":62}},"2":{"start":{"line":4,"column":35},"end":{"line":4,"column":56}},"3":{"start":{"line":5,"column":35},"end":{"line":5,"column":56}}},"fnMap":{},"branchMap":{},"s":{"0":1,"1":1,"2":1,"3":1},"f":{},"b":{},"_coverageSchema":"43e27e138ebf9cfc5966b082cf9a028302ed4184","hash":"06bb14eac4670594c3adc6580d5654ff7a8352f8"}
,"/Users/sulaimansanusi/andela/cosmos-ah-frontend/src/state/article/actions.js": {"path":"/Users/sulaimansanusi/andela/cosmos-ah-frontend/src/state/article/actions.js","statementMap":{"0":{"start":{"line":4,"column":27},"end":{"line":7,"column":2}},"1":{"start":{"line":4,"column":40},"end":{"line":7,"column":1}},"2":{"start":{"line":8,"column":34},"end":{"line":10,"column":2}},"3":{"start":{"line":8,"column":41},"end":{"line":10,"column":1}},"4":{"start":{"line":13,"column":32},"end":{"line":20,"column":1}},"5":{"start":{"line":13,"column":38},"end":{"line":20,"column":1}},"6":{"start":{"line":14,"column":2},"end":{"line":19,"column":3}},"7":{"start":{"line":15,"column":24},"end":{"line":15,"column":46}},"8":{"start":{"line":16,"column":4},"end":{"line":16,"column":39}},"9":{"start":{"line":18,"column":4},"end":{"line":18,"column":35}}},"fnMap":{"0":{"name":"(anonymous_0)","decl":{"start":{"line":4,"column":27},"end":{"line":4,"column":28}},"loc":{"start":{"line":4,"column":40},"end":{"line":7,"column":1}},"line":4},"1":{"name":"(anonymous_1)","decl":{"start":{"line":8,"column":34},"end":{"line":8,"column":35}},"loc":{"start":{"line":8,"column":41},"end":{"line":10,"column":1}},"line":8},"2":{"name":"(anonymous_2)","decl":{"start":{"line":13,"column":32},"end":{"line":13,"column":33}},"loc":{"start":{"line":13,"column":38},"end":{"line":20,"column":1}},"line":13},"3":{"name":"(anonymous_3)","decl":{"start":{"line":13,"column":38},"end":{"line":13,"column":39}},"loc":{"start":{"line":13,"column":56},"end":{"line":20,"column":1}},"line":13}},"branchMap":{},"s":{"0":1,"1":0,"2":1,"3":0,"4":1,"5":0,"6":0,"7":0,"8":0,"9":0},"f":{"0":0,"1":0,"2":0,"3":0},"b":{},"_coverageSchema":"43e27e138ebf9cfc5966b082cf9a028302ed4184","hash":"575ccc1f6bbf2c84efc72714c1654ed9a786322e"}
}
