TN:
SF:/Users/sulaimansanusi/andela/cosmos-ah-frontend/src/lib/article.js
FN:3,(anonymous_0)
FNF:1
FNH:0
FNDA:0,(anonymous_0)
DA:3,1
DA:4,0
DA:5,0
DA:6,0
LF:4
LH:1
BRF:0
BRH:0
end_of_record
TN:
SF:/Users/sulaimansanusi/andela/cosmos-ah-frontend/src/lib/axios.js
FNF:0
FNH:0
LF:0
LH:0
BRF:0
BRH:0
end_of_record
TN:
SF:/Users/sulaimansanusi/andela/cosmos-ah-frontend/src/pages/App.js
FN:9,(anonymous_0)
FNF:1
FNH:1
FNDA:1,(anonymous_0)
DA:9,1
DA:10,1
LF:2
LH:2
BRF:0
BRH:0
end_of_record
TN:
SF:/Users/sulaimansanusi/andela/cosmos-ah-frontend/src/pages/Article.js
FN:7,(anonymous_0)
FN:11,(anonymous_1)
FN:16,(anonymous_2)
FN:28,(anonymous_3)
FNF:4
FNH:0
FNDA:0,(anonymous_0)
FNDA:0,(anonymous_1)
FNDA:0,(anonymous_2)
FNDA:0,(anonymous_3)
DA:8,0
DA:12,0
DA:17,0
DA:28,1
DA:32,1
LF:5
LH:2
BRF:0
BRH:0
end_of_record
TN:
SF:/Users/sulaimansanusi/andela/cosmos-ah-frontend/src/pages/Home.js
FN:3,(anonymous_0)
FNF:1
FNH:1
FNDA:2,(anonymous_0)
DA:3,2
DA:4,2
LF:2
LH:2
BRF:0
BRH:0
end_of_record
TN:
SF:/Users/sulaimansanusi/andela/cosmos-ah-frontend/src/pages/Signin.js
FN:4,(anonymous_0)
FNF:1
FNH:0
FNDA:0,(anonymous_0)
DA:5,0
LF:1
LH:0
BRF:0
BRH:0
end_of_record
TN:
SF:/Users/sulaimansanusi/andela/cosmos-ah-frontend/src/state/article/actionTypes.js
FNF:0
FNH:0
DA:1,1
DA:2,1
DA:4,1
DA:5,1
LF:4
LH:4
BRF:0
BRH:0
end_of_record
TN:
SF:/Users/sulaimansanusi/andela/cosmos-ah-frontend/src/state/article/actions.js
FN:4,(anonymous_0)
FN:8,(anonymous_1)
FN:13,(anonymous_2)
FN:13,(anonymous_3)
FNF:4
FNH:0
FNDA:0,(anonymous_0)
FNDA:0,(anonymous_1)
FNDA:0,(anonymous_2)
FNDA:0,(anonymous_3)
DA:4,1
DA:8,1
DA:13,1
DA:14,0
DA:15,0
DA:16,0
DA:18,0
LF:7
LH:3
BRF:0
BRH:0
end_of_record
